# Logfile created on 2015-01-21 19:10:21 -0430 by logger.rb/44203
I, [2015-01-21T19:10:21.890704 #838]  INFO -- : Query {:numbre=>"5f307ab86f75750070ec61cdbb3ee428"} in incident
I, [2015-01-21T19:15:06.518905 #881]  INFO -- : Query {:numbre=>"INC0010094"} in incident
I, [2015-01-21T19:21:50.876876 #1011]  INFO -- : Query {:numbre=>"INC0010094"} in incident
I, [2015-01-21T19:21:58.875589 #1011]  INFO -- : Update {:sys=>"9c573169c611228700193229fff72400", :state=>3} in incident
I, [2015-01-21T19:21:58.875710 #1011]  INFO -- : Web service update called without a sys_id
I, [2015-01-21T19:26:02.211477 #1066]  INFO -- : Query {:numbre=>"INC0010094"} in incident
I, [2015-01-21T19:26:11.634082 #1066]  INFO -- : Close {:active=>"0", :activity_due=>nil, :approval=>nil, :approval_set=>nil, :assigned_to=>"46b87022a9fe198101a78787e40d7547", :assignment_group=>nil, :business_duration=>"1970-01-01 03:40:03", :business_stc=>"13203", :calendar_duration=>"1970-01-02 00:00:15", :calendar_stc=>"86415", :caller_id=>nil, :category=>"network", :caused_by=>nil, :child_incidents=>"0", :close_code=>nil, :close_notes=>nil, :closed_at=>"2014-10-29 23:10:06", :closed_by=>"9ee1b13dc6112271007f9d0efdb69cd0", :cmdb_ci=>"b0c4030ac0a800090152e7a4564ca36c", :comments_and_work_notes=>nil, :company=>nil, :contact_type=>nil, :correlation_display=>nil, :correlation_id=>nil, :delivery_plan=>nil, :delivery_task=>nil, :description=>"User can't access email on mail.company.com.", :due_date=>nil, :escalation=>"0", :expected_start=>nil, :follow_up=>nil, :group_list=>nil, :impact=>"1", :incident_state=>"7", :knowledge=>"0", :location=>"1083361cc611227501b682158cabf646", :made_sla=>"0", :notify=>"1", :number=>"INC0000001", :opened_at=>"2014-10-28 23:09:51", :opened_by=>"681ccaf9c0a8016400b98a06818d57c7", :order=>"0", :parent=>nil, :parent_incident=>nil, :priority=>"2", :problem_id=>"9d3a266ac6112287004e37fb2ceb0133", :reassignment_count=>"0", :reopen_count=>"0", :resolved_at=>nil, :resolved_by=>nil, :rfc=>nil, :severity=>"1", :short_description=>"Can't read email", :skills=>nil, :sla_due=>nil, :state=>"7", :subcategory=>nil, :sys_class_name=>"incident", :sys_created_by=>"pat", :sys_created_on=>"2013-05-29 18:24:13", :sys_domain=>"global", :sys_id=>"9c573169c611228700193229fff72400", :sys_mod_count=>"19", :sys_updated_by=>"glide.maint", :sys_updated_on=>"2014-11-12 01:20:56", :time_worked=>nil, :u_phase=>nil, :u_reason=>nil, :u_status=>nil, :upon_approval=>nil, :upon_reject=>nil, :urgency=>"1", :user_input=>nil, :watch_list=>nil, :work_end=>nil, :work_notes_list=>nil, :work_start=>nil} in incident
I, [2015-01-21T19:26:11.634178 #1066]  INFO -- : Update state {:sys=>"9c573169c611228700193229fff72400", :state=>3} in incident
I, [2015-01-21T19:26:11.634213 #1066]  INFO -- : Update {:sys=>"9c573169c611228700193229fff72400", :state=>3} in incident
I, [2015-01-21T19:26:11.634230 #1066]  INFO -- : Web service update called without a sys_id
I, [2015-01-21T19:28:59.574389 #1117]  INFO -- : Query {:number=>"INC0010094"} in incident
I, [2015-01-21T19:29:06.788720 #1117]  INFO -- : Query {:numbre=>"INC0010094"} in incident
I, [2015-01-21T19:29:14.466969 #1117]  INFO -- : Close {:active=>"0", :activity_due=>nil, :approval=>nil, :approval_set=>nil, :assigned_to=>"46b87022a9fe198101a78787e40d7547", :assignment_group=>nil, :business_duration=>"1970-01-01 03:40:03", :business_stc=>"13203", :calendar_duration=>"1970-01-02 00:00:15", :calendar_stc=>"86415", :caller_id=>nil, :category=>"network", :caused_by=>nil, :child_incidents=>"0", :close_code=>nil, :close_notes=>nil, :closed_at=>"2014-10-29 23:10:06", :closed_by=>"9ee1b13dc6112271007f9d0efdb69cd0", :cmdb_ci=>"b0c4030ac0a800090152e7a4564ca36c", :comments_and_work_notes=>nil, :company=>nil, :contact_type=>nil, :correlation_display=>nil, :correlation_id=>nil, :delivery_plan=>nil, :delivery_task=>nil, :description=>"User can't access email on mail.company.com.", :due_date=>nil, :escalation=>"0", :expected_start=>nil, :follow_up=>nil, :group_list=>nil, :impact=>"1", :incident_state=>"7", :knowledge=>"0", :location=>"1083361cc611227501b682158cabf646", :made_sla=>"0", :notify=>"1", :number=>"INC0000001", :opened_at=>"2014-10-28 23:09:51", :opened_by=>"681ccaf9c0a8016400b98a06818d57c7", :order=>"0", :parent=>nil, :parent_incident=>nil, :priority=>"2", :problem_id=>"9d3a266ac6112287004e37fb2ceb0133", :reassignment_count=>"0", :reopen_count=>"0", :resolved_at=>nil, :resolved_by=>nil, :rfc=>nil, :severity=>"1", :short_description=>"Can't read email", :skills=>nil, :sla_due=>nil, :state=>"7", :subcategory=>nil, :sys_class_name=>"incident", :sys_created_by=>"pat", :sys_created_on=>"2013-05-29 18:24:13", :sys_domain=>"global", :sys_id=>"9c573169c611228700193229fff72400", :sys_mod_count=>"19", :sys_updated_by=>"glide.maint", :sys_updated_on=>"2014-11-12 01:20:56", :time_worked=>nil, :u_phase=>nil, :u_reason=>nil, :u_status=>nil, :upon_approval=>nil, :upon_reject=>nil, :urgency=>"1", :user_input=>nil, :watch_list=>nil, :work_end=>nil, :work_notes_list=>nil, :work_start=>nil} in incident
I, [2015-01-21T19:29:14.467063 #1117]  INFO -- : Update state {:sys=>"9c573169c611228700193229fff72400", :state=>3} in incident
I, [2015-01-21T19:29:14.467091 #1117]  INFO -- : Update {:sys=>"9c573169c611228700193229fff72400", :state=>3} in incident
I, [2015-01-21T19:29:14.467118 #1117]  INFO -- : Web service update called without a sys_id
I, [2015-01-21T19:30:09.713761 #1132]  INFO -- : Query {:number=>"INC0010094"} in incident
I, [2015-01-21T19:30:16.258576 #1132]  INFO -- : Query {:numbre=>"INC0010094"} in incident
I, [2015-01-21T19:30:34.313133 #1132]  INFO -- : Close {:active=>"0", :activity_due=>nil, :approval=>nil, :approval_set=>nil, :assigned_to=>"46b87022a9fe198101a78787e40d7547", :assignment_group=>nil, :business_duration=>"1970-01-01 03:40:03", :business_stc=>"13203", :calendar_duration=>"1970-01-02 00:00:15", :calendar_stc=>"86415", :caller_id=>nil, :category=>"network", :caused_by=>nil, :child_incidents=>"0", :close_code=>nil, :close_notes=>nil, :closed_at=>"2014-10-29 23:10:06", :closed_by=>"9ee1b13dc6112271007f9d0efdb69cd0", :cmdb_ci=>"b0c4030ac0a800090152e7a4564ca36c", :comments_and_work_notes=>nil, :company=>nil, :contact_type=>nil, :correlation_display=>nil, :correlation_id=>nil, :delivery_plan=>nil, :delivery_task=>nil, :description=>"User can't access email on mail.company.com.", :due_date=>nil, :escalation=>"0", :expected_start=>nil, :follow_up=>nil, :group_list=>nil, :impact=>"1", :incident_state=>"7", :knowledge=>"0", :location=>"1083361cc611227501b682158cabf646", :made_sla=>"0", :notify=>"1", :number=>"INC0000001", :opened_at=>"2014-10-28 23:09:51", :opened_by=>"681ccaf9c0a8016400b98a06818d57c7", :order=>"0", :parent=>nil, :parent_incident=>nil, :priority=>"2", :problem_id=>"9d3a266ac6112287004e37fb2ceb0133", :reassignment_count=>"0", :reopen_count=>"0", :resolved_at=>nil, :resolved_by=>nil, :rfc=>nil, :severity=>"1", :short_description=>"Can't read email", :skills=>nil, :sla_due=>nil, :state=>"7", :subcategory=>nil, :sys_class_name=>"incident", :sys_created_by=>"pat", :sys_created_on=>"2013-05-29 18:24:13", :sys_domain=>"global", :sys_id=>"9c573169c611228700193229fff72400", :sys_mod_count=>"19", :sys_updated_by=>"glide.maint", :sys_updated_on=>"2014-11-12 01:20:56", :time_worked=>nil, :u_phase=>nil, :u_reason=>nil, :u_status=>nil, :upon_approval=>nil, :upon_reject=>nil, :urgency=>"1", :user_input=>nil, :watch_list=>nil, :work_end=>nil, :work_notes_list=>nil, :work_start=>nil} in incident
I, [2015-01-21T19:30:34.313231 #1132]  INFO -- : Update state {:sys=>"9c573169c611228700193229fff72400", :state=>3} in incident
I, [2015-01-21T19:30:34.313272 #1132]  INFO -- : Update {:sys=>"9c573169c611228700193229fff72400", :state=>3} in incident
I, [2015-01-21T19:30:34.313298 #1132]  INFO -- : Web service update called without a sys_id
I, [2015-01-21T19:32:25.405604 #1207]  INFO -- : Query {:numbre=>"INC0010094"} in incident
I, [2015-01-21T19:33:02.617336 #1207]  INFO -- : Close {:active=>"0", :activity_due=>nil, :approval=>nil, :approval_set=>nil, :assigned_to=>"46b87022a9fe198101a78787e40d7547", :assignment_group=>nil, :business_duration=>"1970-01-01 03:40:03", :business_stc=>"13203", :calendar_duration=>"1970-01-02 00:00:15", :calendar_stc=>"86415", :caller_id=>nil, :category=>"network", :caused_by=>nil, :child_incidents=>"0", :close_code=>nil, :close_notes=>nil, :closed_at=>"2014-10-29 23:10:06", :closed_by=>"9ee1b13dc6112271007f9d0efdb69cd0", :cmdb_ci=>"b0c4030ac0a800090152e7a4564ca36c", :comments_and_work_notes=>nil, :company=>nil, :contact_type=>nil, :correlation_display=>nil, :correlation_id=>nil, :delivery_plan=>nil, :delivery_task=>nil, :description=>"User can't access email on mail.company.com.", :due_date=>nil, :escalation=>"0", :expected_start=>nil, :follow_up=>nil, :group_list=>nil, :impact=>"1", :incident_state=>"7", :knowledge=>"0", :location=>"1083361cc611227501b682158cabf646", :made_sla=>"0", :notify=>"1", :number=>"INC0000001", :opened_at=>"2014-10-28 23:09:51", :opened_by=>"681ccaf9c0a8016400b98a06818d57c7", :order=>"0", :parent=>nil, :parent_incident=>nil, :priority=>"2", :problem_id=>"9d3a266ac6112287004e37fb2ceb0133", :reassignment_count=>"0", :reopen_count=>"0", :resolved_at=>nil, :resolved_by=>nil, :rfc=>nil, :severity=>"1", :short_description=>"Can't read email", :skills=>nil, :sla_due=>nil, :state=>"7", :subcategory=>nil, :sys_class_name=>"incident", :sys_created_by=>"pat", :sys_created_on=>"2013-05-29 18:24:13", :sys_domain=>"global", :sys_id=>"9c573169c611228700193229fff72400", :sys_mod_count=>"19", :sys_updated_by=>"glide.maint", :sys_updated_on=>"2014-11-12 01:20:56", :time_worked=>nil, :u_phase=>nil, :u_reason=>nil, :u_status=>nil, :upon_approval=>nil, :upon_reject=>nil, :urgency=>"1", :user_input=>nil, :watch_list=>nil, :work_end=>nil, :work_notes_list=>nil, :work_start=>nil} in incident
I, [2015-01-21T19:33:02.617443 #1207]  INFO -- : Update state {:sys_id=>"9c573169c611228700193229fff72400", :state=>3} in incident
I, [2015-01-21T19:33:02.617480 #1207]  INFO -- : Update {:sys_id=>"9c573169c611228700193229fff72400", :state=>3} in incident
D, [2015-01-21T19:33:12.284030 #1207] DEBUG -- : Response: {:sys_id=>"9c573169c611228700193229fff72400"}
I, [2015-01-21T19:41:40.786466 #1307]  INFO -- : Query {:number=>"INC0010094"} in incident
I, [2015-01-21T19:41:45.326825 #1307]  INFO -- : Close {:active=>"1", :activity_due=>nil, :approval=>"not requested", :approval_set=>nil, :assigned_to=>nil, :assignment_group=>nil, :business_duration=>nil, :business_stc=>"0", :calendar_duration=>nil, :calendar_stc=>"0", :caller_id=>nil, :category=>"inquiry", :caused_by=>nil, :child_incidents=>"0", :close_code=>nil, :close_notes=>nil, :closed_at=>nil, :closed_by=>nil, :cmdb_ci=>nil, :comments_and_work_notes=>nil, :company=>nil, :contact_type=>"phone", :correlation_display=>nil, :correlation_id=>nil, :delivery_plan=>nil, :delivery_task=>nil, :description=>nil, :due_date=>nil, :escalation=>"0", :expected_start=>nil, :follow_up=>nil, :group_list=>nil, :impact=>"2", :incident_state=>"1", :knowledge=>"0", :location=>nil, :made_sla=>"1", :notify=>"1", :number=>"INC0010094", :opened_at=>"2015-01-22 01:53:23", :opened_by=>"6816f79cc0a8016401c5a33be04be441", :order=>"0", :parent=>nil, :parent_incident=>nil, :priority=>"3", :problem_id=>nil, :reassignment_count=>"0", :reopen_count=>"0", :resolved_at=>nil, :resolved_by=>nil, :rfc=>nil, :severity=>"3", :short_description=>nil, :skills=>nil, :sla_due=>nil, :state=>"1", :subcategory=>nil, :sys_class_name=>"incident", :sys_created_by=>"admin", :sys_created_on=>"2015-01-22 01:53:23", :sys_domain=>"global                          ", :sys_id=>"5f307ab86f75750070ec61cdbb3ee428", :sys_mod_count=>"2", :sys_updated_by=>"admin", :sys_updated_on=>"2015-01-21 22:57:33", :time_worked=>nil, :u_phase=>nil, :u_reason=>nil, :u_status=>nil, :upon_approval=>"proceed", :upon_reject=>"cancel", :urgency=>"2", :user_input=>nil, :watch_list=>nil, :work_end=>nil, :work_notes_list=>nil, :work_start=>nil} in incident
I, [2015-01-21T19:41:45.326963 #1307]  INFO -- : Update state {:sys_id=>"5f307ab86f75750070ec61cdbb3ee428", :state=>3} in incident
I, [2015-01-21T19:41:45.326989 #1307]  INFO -- : Update {:sys_id=>"5f307ab86f75750070ec61cdbb3ee428", :state=>3} in incident
D, [2015-01-21T19:41:49.819463 #1307] DEBUG -- : Response: {:sys_id=>"5f307ab86f75750070ec61cdbb3ee428"}
I, [2015-01-21T19:42:28.951339 #1329]  INFO -- : Query {:number=>"INC0010094"} in incident
I, [2015-01-21T19:42:34.308164 #1329]  INFO -- : Close {:active=>"1", :activity_due=>nil, :approval=>"not requested", :approval_set=>nil, :assigned_to=>nil, :assignment_group=>nil, :business_duration=>nil, :business_stc=>"0", :calendar_duration=>nil, :calendar_stc=>"0", :caller_id=>nil, :category=>"inquiry", :caused_by=>nil, :child_incidents=>"0", :close_code=>nil, :close_notes=>nil, :closed_at=>nil, :closed_by=>nil, :cmdb_ci=>nil, :comments_and_work_notes=>nil, :company=>nil, :contact_type=>"phone", :correlation_display=>nil, :correlation_id=>nil, :delivery_plan=>nil, :delivery_task=>nil, :description=>nil, :due_date=>nil, :escalation=>"0", :expected_start=>nil, :follow_up=>nil, :group_list=>nil, :impact=>"2", :incident_state=>"3", :knowledge=>"0", :location=>nil, :made_sla=>"1", :notify=>"1", :number=>"INC0010094", :opened_at=>"2015-01-22 01:53:23", :opened_by=>"6816f79cc0a8016401c5a33be04be441", :order=>"0", :parent=>nil, :parent_incident=>nil, :priority=>"3", :problem_id=>nil, :reassignment_count=>"0", :reopen_count=>"0", :resolved_at=>nil, :resolved_by=>nil, :rfc=>nil, :severity=>"3", :short_description=>nil, :skills=>nil, :sla_due=>nil, :state=>"3", :subcategory=>nil, :sys_class_name=>"incident", :sys_created_by=>"admin", :sys_created_on=>"2015-01-22 01:53:23", :sys_domain=>"global                          ", :sys_id=>"5f307ab86f75750070ec61cdbb3ee428", :sys_mod_count=>"3", :sys_updated_by=>"admin", :sys_updated_on=>"2015-01-22 00:11:49", :time_worked=>nil, :u_phase=>nil, :u_reason=>nil, :u_status=>nil, :upon_approval=>"proceed", :upon_reject=>"cancel", :urgency=>"2", :user_input=>nil, :watch_list=>nil, :work_end=>nil, :work_notes_list=>nil, :work_start=>nil} in incident
I, [2015-01-21T19:42:34.308246 #1329]  INFO -- : Update state {:sys_id=>"5f307ab86f75750070ec61cdbb3ee428", :state=>1} in incident
I, [2015-01-21T19:42:34.308280 #1329]  INFO -- : Update {:sys_id=>"5f307ab86f75750070ec61cdbb3ee428", :state=>1} in incident
D, [2015-01-21T19:42:40.861435 #1329] DEBUG -- : Response: {:sys_id=>"5f307ab86f75750070ec61cdbb3ee428"}
I, [2015-01-21T19:49:20.111011 #1508]  INFO -- : Query {:number=>"INC0010094"} in incident
I, [2015-01-21T19:49:26.971940 #1508]  INFO -- : Reassing {:active=>"1", :activity_due=>nil, :approval=>"not requested", :approval_set=>nil, :assigned_to=>nil, :assignment_group=>nil, :business_duration=>nil, :business_stc=>"0", :calendar_duration=>nil, :calendar_stc=>"0", :caller_id=>nil, :category=>"inquiry", :caused_by=>nil, :child_incidents=>"0", :close_code=>nil, :close_notes=>nil, :closed_at=>nil, :closed_by=>nil, :cmdb_ci=>nil, :comments_and_work_notes=>nil, :company=>nil, :contact_type=>"phone", :correlation_display=>nil, :correlation_id=>nil, :delivery_plan=>nil, :delivery_task=>nil, :description=>nil, :due_date=>nil, :escalation=>"0", :expected_start=>nil, :follow_up=>nil, :group_list=>nil, :impact=>"2", :incident_state=>"1", :knowledge=>"0", :location=>nil, :made_sla=>"1", :notify=>"1", :number=>"INC0010094", :opened_at=>"2015-01-22 01:53:23", :opened_by=>"6816f79cc0a8016401c5a33be04be441", :order=>"0", :parent=>nil, :parent_incident=>nil, :priority=>"3", :problem_id=>nil, :reassignment_count=>"0", :reopen_count=>"0", :resolved_at=>nil, :resolved_by=>nil, :rfc=>nil, :severity=>"3", :short_description=>nil, :skills=>nil, :sla_due=>nil, :state=>"1", :subcategory=>nil, :sys_class_name=>"incident", :sys_created_by=>"admin", :sys_created_on=>"2015-01-22 01:53:23", :sys_domain=>"global                          ", :sys_id=>"5f307ab86f75750070ec61cdbb3ee428", :sys_mod_count=>"4", :sys_updated_by=>"admin", :sys_updated_on=>"2015-01-22 00:12:40", :time_worked=>nil, :u_phase=>nil, :u_reason=>nil, :u_status=>nil, :upon_approval=>"proceed", :upon_reject=>"cancel", :urgency=>"2", :user_input=>nil, :watch_list=>nil, :work_end=>nil, :work_notes_list=>nil, :work_start=>nil} in incident to group Arrechos user Yo Mismo
I, [2015-01-21T19:49:26.972092 #1508]  INFO -- : Update {:active=>"1", :activity_due=>nil, :approval=>"not requested", :approval_set=>nil, :assigned_to=>"Yo Mismo", :assignment_group=>"Arrechos", :business_duration=>nil, :business_stc=>"0", :calendar_duration=>nil, :calendar_stc=>"0", :caller_id=>nil, :category=>"inquiry", :caused_by=>nil, :child_incidents=>"0", :close_code=>nil, :close_notes=>nil, :closed_at=>nil, :closed_by=>nil, :cmdb_ci=>nil, :comments_and_work_notes=>nil, :company=>nil, :contact_type=>"phone", :correlation_display=>nil, :correlation_id=>nil, :delivery_plan=>nil, :delivery_task=>nil, :description=>nil, :due_date=>nil, :escalation=>"0", :expected_start=>nil, :follow_up=>nil, :group_list=>nil, :impact=>"2", :incident_state=>"1", :knowledge=>"0", :location=>nil, :made_sla=>"1", :notify=>"1", :number=>"INC0010094", :opened_at=>"2015-01-22 01:53:23", :opened_by=>"6816f79cc0a8016401c5a33be04be441", :order=>"0", :parent=>nil, :parent_incident=>nil, :priority=>"3", :problem_id=>nil, :reassignment_count=>"0", :reopen_count=>"0", :resolved_at=>nil, :resolved_by=>nil, :rfc=>nil, :severity=>"3", :short_description=>nil, :skills=>nil, :sla_due=>nil, :state=>"1", :subcategory=>nil, :sys_class_name=>"incident", :sys_created_by=>"admin", :sys_created_on=>"2015-01-22 01:53:23", :sys_domain=>"global                          ", :sys_id=>"5f307ab86f75750070ec61cdbb3ee428", :sys_mod_count=>"4", :sys_updated_by=>"admin", :sys_updated_on=>"2015-01-22 00:12:40", :time_worked=>nil, :u_phase=>nil, :u_reason=>nil, :u_status=>nil, :upon_approval=>"proceed", :upon_reject=>"cancel", :urgency=>"2", :user_input=>nil, :watch_list=>nil, :work_end=>nil, :work_notes_list=>nil, :work_start=>nil} in incident
D, [2015-01-21T19:49:33.341549 #1508] DEBUG -- : Response: {:sys_id=>"5f307ab86f75750070ec61cdbb3ee428"}
I, [2015-01-21T20:11:54.069797 #2132]  INFO -- : Query {:number=>"INC0010094"} in incident
I, [2015-01-24T12:36:54.491352 #7367]  INFO -- : Query {"campo"=>"valor"} in change_request
I, [2015-01-24T13:09:42.024990 #7367]  INFO -- : Query {"number"=>"CHG0000001"} in change_request
I, [2015-01-24T14:31:32.365476 #14644]  INFO -- : Query {"number"=>"CHG0000001"} in change_request
I, [2015-01-24T14:32:15.082385 #14672]  INFO -- : Query {"number"=>"CHG0000001"} in change_request
I, [2015-01-24T16:25:05.938387 #8551]  INFO -- : Query {"number"=>"CHG0000001"} in change_request
I, [2015-01-24T16:26:03.140757 #8551]  INFO -- : Query {"number"=>"CHG0000001"} in change_request
I, [2015-01-24T16:31:17.170369 #9219]  INFO -- : Query {"number"=>"CHG0000001"} in change_request
I, [2015-01-24T16:33:39.861227 #9460]  INFO -- : Query {"number"=>"CHG0000001"} in change_request
I, [2015-01-24T16:35:43.942248 #9597]  INFO -- : Query {"number"=>"CHG0000001"} in change_request
I, [2015-01-24T16:38:35.528993 #9880]  INFO -- : Query {"number"=>"CHG0000001"} in change_request
I, [2015-01-24T16:41:45.947918 #10177]  INFO -- : Query {"number"=>"CHG0000001"} in change_request
I, [2015-01-24T16:42:28.493680 #10205]  INFO -- : Query {"number"=>"CHG0000001"} in change_request
I, [2015-01-24T16:48:19.534547 #10610]  INFO -- : Query {"number"=>"CHG0000001"} in change_request
I, [2015-01-24T17:32:06.625177 #10610]  INFO -- : Query {"number"=>"CHG0000001"} in change_request
I, [2015-01-24T17:33:41.007488 #13661]  INFO -- : Query {"number"=>"CHG0000001"} in change_request
I, [2015-01-24T17:34:13.012617 #13684]  INFO -- : Query {"number"=>"CHG0000001"} in change_request
I, [2015-01-24T17:39:30.552294 #14040]  INFO -- : Query {"number"=>"CHG0000001"} in change_request
I, [2015-01-24T17:40:12.110390 #14067]  INFO -- : Query {"number"=>"CHG0000001"} in change_request
I, [2015-01-24T17:45:53.430095 #14337]  INFO -- : Query {"number"=>"CHG0000001"} in change_request
I, [2015-01-24T17:46:26.104207 #14337]  INFO -- : Query {"number"=>"CHG0000001"} in change_request
I, [2015-01-24T17:47:38.961825 #14337]  INFO -- : Query {"number"=>"CHG0000001"} in change_request
I, [2015-01-24T17:49:33.109503 #14648]  INFO -- : Query {"number"=>"CHG0000001"} in change_request
I, [2015-01-24T17:51:25.925382 #14739]  INFO -- : Query {"number"=>"CHG0000001"} in change_request
I, [2015-01-24T17:55:07.199847 #15017]  INFO -- : Query {"number"=>"CHG0000001"} in change_request
I, [2015-01-24T17:56:02.996767 #15046]  INFO -- : Query {"number"=>"CHG0000001"} in change_request
I, [2015-01-24T17:57:24.792159 #15125]  INFO -- : Query {"number"=>"CHG0000001"} in change_request
I, [2015-01-24T17:57:48.705801 #15125]  INFO -- : Query {"number"=>"CHG0000001"} in change_request
I, [2015-01-24T17:59:59.822911 #15125]  INFO -- : Query {"number"=>"CHG0000001"} in change_request
I, [2015-01-24T18:06:08.152660 #15665]  INFO -- : Query {"number"=>"CHG0000001.json"} in change_request
I, [2015-01-24T18:09:28.004310 #15886]  INFO -- : Query {"number"=>"CHG0000001"} in change_request
I, [2015-01-24T18:09:46.223789 #15886]  INFO -- : Query {"number"=>"CHG0000001.ics"} in change_request
I, [2015-01-24T18:10:26.417320 #15886]  INFO -- : Query {"number"=>"CHG0000001.ics"} in change_request
I, [2015-01-24T18:11:54.660658 #16095]  INFO -- : Query {"number"=>"CHG0000001"} in change_request
I, [2015-01-24T18:13:07.562451 #16228]  INFO -- : Query {"number"=>"CHG0000001"} in change_request
I, [2015-01-24T18:14:48.172866 #16228]  INFO -- : Query {"number"=>"CHG0000001"} in change_request
I, [2015-01-24T18:18:54.878835 #16492]  INFO -- : Query {"number"=>"CHG0000001"} in change_request
I, [2015-01-24T18:19:00.896885 #16492]  INFO -- : Query {"number"=>"CHG0000001"} in change_request
I, [2015-01-24T18:19:24.766490 #16492]  INFO -- : Query {"number"=>"CHG0000001"} in change_request
I, [2015-01-24T18:19:49.075003 #16492]  INFO -- : Query {"number"=>"CHG0000001"} in change_request
I, [2015-01-24T18:21:49.093348 #16743]  INFO -- : Query {"number"=>"CHG0000001"} in change_request
I, [2015-01-24T18:25:15.109684 #16743]  INFO -- : Query {"number"=>"CHG0000001.html"} in change_request
I, [2015-01-24T18:26:58.682163 #16743]  INFO -- : Query {"number"=>"CHG0000001"} in change_request
I, [2015-01-24T18:27:20.047934 #17040]  INFO -- : Query {"number"=>"CHG0000001"} in change_request
I, [2015-01-24T18:28:45.648593 #17161]  INFO -- : Query {"number"=>"CHG0000001"} in change_request
I, [2015-01-24T18:29:58.136709 #17252]  INFO -- : Query {"number"=>"CHG0000001"} in change_request
I, [2015-01-24T18:30:42.819984 #17252]  INFO -- : Query {"number"=>"CHG0000001"} in change_request
I, [2015-01-24T18:48:12.577187 #18120]  INFO -- : Query {"number"=>"CHG0000001"} in change_request
I, [2015-01-24T18:49:18.224018 #18211]  INFO -- : Query {"number"=>"CHG0000001"} in change_request
I, [2015-01-24T18:49:50.685138 #18211]  INFO -- : Query {"all"=>"1"} in change_request
I, [2015-01-24T18:55:31.898402 #18530]  INFO -- : Query {"number"=>"CHG0000001"} in change_request
